[    0.000000] Initializing cgroup subsys cpuset
[    0.000000] Initializing cgroup subsys cpu
[    0.000000] Initializing cgroup subsys cpuacct
[    0.000000]Liinux version 4.4.0-184-generic (buildd@lgw01-amd64-060) (gcc version 5.4.0 20160609 (Ubuntu 5.4.0-6ubuntu1~16.04.12) ) #214-Ubuntu SMP Thu Jun 4 10:14:11 UTC 2020 (Ubuntu 4.4.0-184.214-generic 4.4.223)
[    0.000000] Command line: BOOT_IMAGE=/boot/vmlinuz-4.4.0-184-generic root=LABEL=cloudimg-rootfs ro console=tty1 console=ttyS0
[    0.000000] KERNEL supported cpus:
[    0.000000]  IIntel GenuineIntel
[    0.000000]   AMD AuthenticAMD
[    0.000000]   Centaur CentaurHauls
[    0.000000] x86/fpu: xstate_offset[2]:  576, xstate_sizes[2]:  256
[    0.000000] x86/fpu: Supporting XSAVE feature 0x01: 'x87 floating point registers'
[    0.000000] x86/fpu: Supprting XSAAVE feature 0x02: 'SSE registers'
[    0.000000] x86/fpu: Supporting XSAVE feature 0x04: 'AVX registers'
[    0.000000] x86/fpu: Enabled xstate features 0x7, context size is 832 bytes, using 'standard' format.
[    0.000000] e820: BIOS-provided physical RAM map:
[    0.000000] BIOS-e820: [mem 0x0000000000000000-0x000000000009fbff] usable
[    0.000000] BIOS-e820: [mem 0x000000000009fc00-0x000000000009ffff] reserved
[    0.000000] BIOS-e820: [mem 0x00000000000f0000-0x0000000000fffff] reserved
[    0.000000] BIOS-e820: [mem 0x0000000000100000-0x000000003ffeffff] usable
[    0.000000] BIOS-e820: [mem 0x000000003fff0000-0x000000003fffffff] ACPI data
[    0.000000] BIOS-e820: [mem 0x00000000fec00000-0x00000000fec00fff] reserved
[    0.000000] BIOS-e820: [mem 0x00000000fee00000-0x00000000fee00fff] reserved
[    0.000000] BIOS-e820: [mem 0x00000000fffc0000-0x00000000ffffffff] reserved
[    0.000000] NX (Execute Disable) protection: active
[    0.000000] SMBIOS 2.5 present.
[    0.000000] Hypervisor detected: KVM
[    0.000000] e820: last_pfn = 0x3fff0 max_arch_pfn = 0x400000000
[    0.000000] MTRR: Disabled
[    0.000000] x86/PAT: MTRRs disabled, skipping PAT initialization too.
[    0.000000] CPU MTRRs all blank - virtualized system.
[    0.000000] x86/PAT: Configuration [0-7]: WB  WT  UC- UC  WB  WT  UC- UC  
[    0.000000] found SMP MP-table at [mem 0x0009fff0-0x0009ffff] mapped at [ffff88000009fff0]
[    0.000000] Scanning 1 areas for low memory corruption
[    0.000000] RAMDISK: [mem 0x362de000-0x37166fff]
[    0.000000] ACPI: Early table checksum verification disabled
[    0.000000] ACPI: RSDP 0x00000000000E0000 000024 (v02 VBOX  )
[    0.000000] ACPI: XSDT 0x000000003FFF0030 00003C(v01 VVBOX   VBOXXSDT 00000001 ASL  00000061)
[    0.000000] ACPI: FACP 0x000000003FFF00F0 0000F4 (v04 VBOX   VBOXFACP 00000001 ASL  00000061)
[    0.000000] ACPI: DSDT 0x000000003FFF0470 0021FF (v02 VBOX   VBOXBIOS 00000002 INTL 20100528)
[    0.000000] ACPI: FACS 0x00000003FFF0200 000040
[    0.000000] API: FACS 0xx000000003FFF0200 000040
[    0.000000] ACPI: APIC 0x000000003FFF0240 00005C (v02 VBOX   VBOXAPIC 00000001 ASL  00000061)
[    0.000000] ACPI: SSDT 0x000000003FFF02A0 0001CC (v01 VBOX   VBOXCPUT 00000002 INTL 20100528)
[    0.000000] No NUMA configuration found
[    0.000000] Faking a node at [mem 0x0000000000000000-0x000000003ffeffff]
[    0.000000] NODE_DATA(0) allocated [mem 0x3ffeb000-0x3ffeffff]
[    0.000000] kvm-clock: Using msrs 4b564d01 and 4b564d00
[    0.000000] kvm-clock: cpu 0, msr 0:3ffe3001, primary cpu clock
[    0.000000] kvm-clock: using sched offset of 6554828220 cycles
[    0.000000] clocksource: kvm-clock: mask: 0xfffffffffffffff max_cycles: 0x1cd42e4dffb, max_idle_ns: 881590591483 ns
[    0.000000] Zone ranges:
[    0.000000]   DMA      [mem 0x0000000000001000-0x0000000000ffffff]
[    0.000000]   DMA32    [mem 0x0000000001000000-0x000000003ffeffff]
[    0.000000]   Normal   empty
[    0.000000]   Device   empty
[    0.000000] Movable zone start for each node
[    0.000000] Early memory node ranges
[    0.000000]   node   0: [mem 0x0000000000001000-0x000000000009efff]
[    0.000000]   node   0: [mem 0x0000000000100000-0x000000003ffeffff]
[    0.000000] Initmem setup node 0 [mem 0x0000000000001000-0x000000003ffeffff]
[   0.000000] ACPI: PM-Timer IO Port: 0x4008
[    0.000000] IOAPIC[0]: apic_id 2, version 32, address 0xfec00000, GSI 0-23
[    0.00000] ACPI: INT_SRC_OVR (bus 0 bus_irq 0 global_irq 2 dfl dfl)
[    0.000000] ACPI: INT_SRC_OVR (bus 0 bus_irq 9 global_irq 9 low level)
[    0.000000] Using ACPI (MADT) for SMP configuration information
[    0.000000] smpboot: Allowing 2 CPUs, 0 hotplug CPUs
[    0.000000] PM: Registered nosave memory: [mem 0x00000000-0x00000fff]
[    0.000000] PM: Registered nosave memory: [mem 0x0009f000-0x0009ffff]
[    0.000000] PM: Registered nosave memory: [mem 0x000a0000-0x000effff]
[    0000000] PM: Registered nosave memory: [mem 0xx000f0000-0x000fffff]
[    0.000000] e820: [mem 0x40000000-0xfebfffff] available forPCI devices
[    0.000000] Bootng paravirtualized kernel on KVM
[    0.000000] clocksource: refined-jiffies: mask: 0xffffffff max_cycles: 0xffffffff, max_idle_ns: 7645519600211568 ns
[    00.000000] setup_percpu: NR_CPUS:512 nr_cpumask_bits:512 nr_cpu_ids:2 nr_node_ids:1
[    0.000000] PERCPU: Embedded 33 pages/cpu @ffff88003fc00000 s95448 r8192 d31528 u1048576
[    0.000000] Built 1 zonelists in Node order mobility grouping on.  Total pages: 25792
[    0.000000] Policy zone: DMA32
[    0.000000] Kernel command line: BOOT_IMAGE=/boot/vmlinuz-4.4.0-184-generic root=LABEL=cloudimg-rootfs ro console=tty1 console=ttyS0
[    0.000000] PID hash table entries: 4096 (order: 3, 32768 bytes)
[    0.000000] Memory: 997664K/1048120K available (8632K kernel code, 1336K rwdata, 4036K rodata, 1492K init, 1292K bss, 50456K reserved, 0K cma-reserved)
[    0.000000] SLUB: HWalign=64, Order=0-3, MinObjects=0, CPUs=2, Nodes=1
[    0.000000] Kernel/User page tables isolation: enabled
[    0.000000] Hierarchical RCU iplementation.
[    0.000000] 	Build-time adjustment of leaf fanout to 64.
[    0.000000] 		RCU restricting CUs from NR_CPUS=512 to nr_cpu_ids=2.
[    0.000000] RCU: Adjusting geometry for rcu_fanout_leaf=64, nr_cpu_ids=2
[    0.000000] NR_IRQS:33024 nr_irqs:440 16
[    0.000000] Console: colour VGA+ 80x25
[    0.000000] console [tty1] enabled
[    0.000000] console [ttyS0] enabled
[    0.000000] tsc: Detected 1895.611 MHz processor
[    2.877781] Calibrating delay loop (skipped) preset value.. 3791.22 BogoMIPS (lpj=7582444)
[    2.903287] pid_max: default: 32768 minimum: 301
[    2.908912] ACPI: Core revision 20150930
[    2.928929] ACPI: 2 ACPI AML tables successfully acquired and loaded
[    2.941482] Security Framework initialized
[    2.945151] Yama: becoming mindful.
[    2.948102] AppArmor: AppArmor initialized
[    2.951602] Dentry cache hash table entries: 131072 (order: 8, 1048576 bytes)
[    2.979666] Inode-cache hash table entries: 65536 (order: 7, 524288 bytes)
[    2.990546] Mount-cache hash table entries: 2048 (order: 2, 16384 bytes)
[    2.995847] Mountpoint-cache hash table entries: 2048 (order: 2, 16384 bytes)
[    3.008474] Initializing cgroup subsys io
[    3.019245] Initializing cgroup subsys memory
[    3.025063] Initializing cgroup subsys devices
[    3.029799] Initializing cgroup subsys freezer
[    3.032782] Initializing cgroup subsys net_cls
[    3.036408] Initializing cgroup subsys perf_event
[    3.040536] Initializing cgroup subsys net_prio
[    3.051386] Initializing cgroup subsys hugetlb
[    3.055958] Initializing cgroup subsys pids
[    3.063103] mce: CPU supports 0 MCE banks
[    3.066002] Last level iTLB entries: 4KB 1024, 2MB 1024, 4MB 1024
[    3.071314] Last level dTLB entries: 4KB 1024, 2MB 1024, 4MB 1024, 1GB 4
[    3.081249] Spectre V1 : Mitigation: usercopy/swapgs barriers and __user pointer sanitization
[    3.093197] Spectre V2 : Mitigation: Full generic retpoline
[    3.102633] Spectre V2 : Spectre v2 / SpectreRSB mitigation: Filling RSB on context switch
[    3.111183] Speculative Store Bypass: Vulnerable
[    3.116299] SRBDS: Unknown: Dependent on hypervisor status
[    3.123015] MDS: Vulnerable: Clear CPU buffers attempted, no microcode
[    3.135084] Freeing SMP alternatives memory: 36K
[    3.163731] ftrace: allocating 32319 entries in 127 pages
[    3.358259] smpboot: APIC(0) Converting physical 0 to logical package 0
[    3.362741] smpboot: Max logical packages: 1
[    3.367385] x2apic enabled
[    3.372900] Switched APIC routing to physical x2apic.
[    3.390270] ..TIMER: vector=0x30 apic1=0 pin1=2 apic2=-1 pin2=-1
[    3.503629] smpboot: CPU0: Intel(R) Core(TM) i3-4030U CPU @ 1.90GHz (family: 0x6, model: 0x45, stepping: 0x1)
[    3.526507] Performance Events: unsupported p6 CPU model 69 no PMU driver, software events only.
[    3.558782] KVM setup paravirtual spinlock
[    3.571872] x86: Booting SMP configuration:
[    3.575892] .... node  #0, CPUs:      #1
[    3.589309] kvm-clock: cpu 1, msr 0:3ffe3041, secondary cpu clock
[    3.635188] mce: CPU supports 0 MCE banks
[    3.666167] x86: Booted up 1 node, 2 CPUs
[    3.671873] smpboot: Total of 2 processors activated (7582.44 BogoMIPS)
[    3.684204] devtmpfs: initialized
[    3.722751] evm: security.selinux
[    3.736742] evm: security.SMACK64
[    3.741002] evm: security.SMACK64EXEC
[    3.745037] evm: security.SMACK64TRANSMUTE
[    3.749250] evm: security.SMACK64MMAP
[    3.753345] evm: security.ima
[    3.757250] evm: security.capability
[    3.775755] clocksource: jiffies: mask: 0xffffffff max_cycles: 0xffffffff, max_idle_ns: 7645041785100000 ns
[    3.793502] futex hash table entries: 512 (order: 3, 32768 bytes)
[    3.812061] pinctrl core: initialized pinctrl subsystem
[    3.818305] RTC time: 13:58:16, date: 06/24/20
[    3.827831] NET: Registered protocol family 16
[    3.844215] cpuidle: using governor ladder
[    3.859809] cpuidle: using governor menu
[    3.863351] PCCT header not found.
[    3.866801] ACPI: bus type PCI registered
[    3.871379] acpiphp: ACPI Hot Plug PCI Controller Driver version: 0.5
[    3.877235] PCI: Using configuration type 1 for base access
[    3.903899] ACPI: Added _OSI(Module Device)
[    3.915064] ACPI: Added _OSI(Processor Device)
[    3.919427] ACPI: Added _OSI(3.0 _SCP Extensions)
[    3.925571] ACPI: Added _OSI(Processor Aggregator Device)
[    3.932848] ACPI: Executed 1 blocks of module-level executable AML code
[    3.951512] ACPI: Interpreter enabled
[    3.957699] ACPI: (supports S0 S5)
[    3.960693] ACPI: Using IOAPIC for interrupt routing
[    3.964808] PCI: Using host bridge windows from ACPI; if necessary, use "pci=nocrs" and report a bug
[    3.990488] ACPI: PCI Root Bridge [PCI0] (domain 0000 [bus 00-ff])
[    4.004158] acpi PNP0A03:00: _OSC: OS supports [ASPM ClockPM Segments MSI]
[    4.014475] acpi PNP0A03:00: _OSC: not requesting OS control; OS requires [ExtendedConfig ASPM ClockPM MSI]
[    4.033154] acpi PNP0A03:00: fail to add MMCONFIG information, can't access extended PCI configuration space under this bridge.
[    4.048600] PCI host bridge to bus 0000:00
[    4.052471] pci_bus 0000:00: root bus resource [io  0x0000-0x0cf7 window]
[    4.058532] pci_bus 0000:00: root bus resource [io  0x0d00-0xffff window]
[    4.063377] pci_bus 0000:00: root bus resource [mem 0x000a0000-0x000bffff window]
[    4.077491] pci_bus 0000:00: root bus resource [mem 0x40000000-0xfdffffff window]
[    4.087269] pci_bus 0000:00: root bus resource [bus 00-ff]
[    4.110971] pci 0000:00:01.1: legacy IDE quirk: reg 0x10: [io  0x01f0-0x01f7]
[    4.131509] pci 0000:00:01.1: legacy IDE quirk: reg 0x14: [io  0x03f6]
[    4.135648] pci 0000:00:01.1: legacy IDE quirk: reg 0x18: [io  0x0170-0x0177]
[    4.197702] pci 0000:00:01.1: legacy IDE quirk: reg 0x1c: [io  0x0376]
[    4.251184] pci 0000:00:07.0: quirk: [io  0x4000-0x403f] claimed by PIIX4 ACPI
[    4.262822] pci 0000:00:07.0: quirk: [io  0x4100-0x410f] claimed by PIIX4 SMB
[    4.299093] ACPI: PCI Interrupt Link [LNKA] (IRQs 5 9 10 *11)
[    4.307531] ACPI: PCI Interrupt Link [LNKB] (IRQs 5 9 *10 11)
[    4.318228] ACPI: PCI Interrupt Link [LNKC] (IRQs 5 *9 10 11)
[    4.328563] ACPI: PCI Interrupt Link [LNKD] (IRQs 5 9 10 *11)
[    4.342641] ACPI: Enabled 2 GPEs in block 00 to 07
[    4.355310] vgaarb: setting as boot device: PCI:0000:00:02.0
[    4.360439] vgaarb: device added: PCI:0000:00:02.0,decodes=io+mem,owns=io+mem,locks=none
[    4.366202] vgaarb: loaded
[    4.368699] vgaarb: bridge control possible 0000:00:02.0
[    4.383098] SCSI subsystem initialized
[    4.387643] ACPI: bus type USB registered
[    4.398069] usbcore: registered new interface driver usbfs
[    4.404217] usbcore: registered new interface driver hub
[    4.409466] usbcore: registered new device driver usb
[    4.416720] PCI: Using ACPI for IRQ routing
[    4.424740] NetLabel: Initializing
[    4.427499] NetLabel:  domain hash size = 128
[    4.430547] NetLabel:  protocols = UNLABELED CIPSOv4
[    4.441821] NetLabel:  unlabeled traffic allowed by default
[    4.448004] amd_nb: Cannot enumerate AMD northbridges
[    4.458788] clocksource: Switched to clocksource kvm-clock
[    4.517595] AppArmor: AppArmor Filesystem Enabled
[    4.522357] pnp: PnP ACPI init
[    4.528006] pnp: PnP ACPI: found 3 devices
[    4.554604] clocksource: acpi_pm: mask: 0xffffff max_cycles: 0xffffff, max_idle_ns: 2085701024 ns
[    4.566785] NET: Registered protocol family 2
[    4.571708] TCP established hash table entries: 8192 (ord: 4, 65536 bytes)
[    4.710531] TCP bind hash table entries: 8192 (order: 5, 131072 bytes)    4.779139] TCP: Hash tables configured (established 8192 bind 8192)
[   4.912989] UDP hash table entries: 512 (order: 216384 bytes)
[    5.133556] UDP-Lite hash table entries:12 (order: 2, 16384 bytes)
[    5.276467] NET: Registered protocol family 1
[    5.280528] pci 0000:00:00.0: Limiting direct PCI/PCI transfers
[    5.285401] pci 0000:00:01.0: Activating ISA DMA hang workaunds
[    5.406631] Unpacking initramfs...

[    6.518181] Freeing initrd memory: 14884K
[    6.522301] RAPL PMU detected, API unit is 2^-32 Joules, 4 fixed counters 10737418240 ms ovfl timer
[    6.529152] hw unit of domain pp0-core 2^-0 Joules
[    6.532806] hw unit of domain package 2^-0 Joules
[    6.543522] hw unit of domain dram 2^-0 Joules
[    6.546790] h unit of domain pp1-gpu 2^-0 Joules
[    6.607629] clocksource: tsc: mask: 0xffffffffffffffff max_cycles: 0x36a5f415104, max_idle_ns: 881590682539 ns
[    6.614934] platform rtc_cmos: registered platform RTC device (no PNP device found)
[    6.621391] Scanning for low memory corruption ever 60 seconds
[    6.749085] audit: initializing netlink subsys (disabled)
[    6.753047] audit: type=2000 audit(1593007104.701:1): initialized
[    6.760121] Initialise system trusted keyring
[    6.763670] HugeTLB registered 2 MB page size, pre-allocated 0 pages
[    6.774540] zbud: loaded
[    6.778440] VFS: Disk quotas dquot_6.6.0
[    6.782005] VFS: Dquot-cache hash table entries: 512 (order 0, 4096 bytes)
[    6.795133] squashfs: version 4.0 (2009/01/31) Phillip Lougher
[    6.800984] fuse init (API version 7.23)
[    6.807933] Key type big_key registered
[    6.813575] Allocating IMA MOK and blacklist keyrings.
[    6.822659] Key type asymmetric registered
[    6.828429] Asymmetric key parser 'x509' registered
[    6.831920] Block layer SCSI generic (bsg) driver version 0.4 loaded (major 249)
[    6.846948] io scheduler noop registered
[    6.851156] io scheduler deadline registered (default)
[    6.855669] io scheduler cfq registered
[    6.860000] pci_hotplug: PCI Hot Plug PCI Core version: 0.5
[    6.863467] pciehp: PCI Express Hot Plug Controller Driver version: 0.4
[    6.871034] ACPI: AC Adapter [AC] (on-line)
[    6.880176] input: Power Button as /devices/LNXSYSTM:00/LNXPWRBN:00/input/input0
[    6.886472] ACPI: Power Button [PWRF]
[    6.902812] input: Sleep Button as /devices/LNXSYSTM:00/LNXSLPBN:00/input/input1
[    6.912895] ACPI: Sleep Button [SLPF]
[    6.926247] GHES: HEST is not enabled!
[    6.929060] ACPI: Battery Slot [BAT0] (battery present)
[    6.936596] Serial: 8250/16550 driver, 32 ports, IRQ sharing enabled
[    6.987959] 00:02: ttyS0 at I/O 0x3f8 (irq = 4, base_baud = 115200) is a 16550A
[    7.017386] Linux agpgart interface v0.10

[    7.096910] loop: module loaded
[    7.104653] scsi host0: ata_piix
[    7.109839] scsi host1: ata_piix
[    7.159811] ata1: PATA max UDMA/33 cmd 0x1f0 ctl 0x3f6 bmdma 0xd000 irq 14
[    7.165504] ata2: PATA max UDMA/33 cmd 0x170 ctl 0x376 bmdma 0xd008 irq 15
[    7.178730] libphy: Fixed MDIO Bus: probed
[    7.215925] tun: Universal TUN/TAP device driver, 1.6
[    7.221544] tun: (C) 1999-2004 Max Krasnyansky <maxk@qualcomm.com>
[    7.227921] PPP generic driver version 2.4.2
[    7.235645] ehci_hcd: USB 2.0 'Enhanced' Host Controller (EHCI) Driver
[    7.247958] ehci-pci: EHCI PCI platform driver
[    7.251952] ehci-platform: EHCI generic platform driver
[    7.283339] ohci_hcd: USB 1.1 'Open' Host Controller (OHCI) Driver
[    7.290314] ohci-pci: OHCI PCI platform driver
[    7.294417] ohci-platform: OHCI generic platform driver
[    7.300107] uhci_hcd: USB Universal Host Controller Interface driver
[    7.310425] i8042: PNP: PS/2 Controller [PNP0303:PS2K,PNP0f03:PS2M] at 0x60,0x64 irq 1,12
[    7.331154] serio: i8042 KBD port at 0x60,0x64 irq 1
[    7.340183] serio: i8042 AUX port at 0x60,0x64 irq 12
[    7.345415] mousedev: PS/2 mouse device common for all mice
[    7.364691] input: AT Translated Set 2 keyboard as /devices/platform/i8042/serio0/input/input2
[    7.395847] rtc_cmos rtc_cmos: rtc core: registered rtc_cmos as rtc0
[    7.401324] rtc_cmos rtc_cmos: alarms up to one day, 114 bytes nvram
[    7.418479] i2c /dev entries driver
[    7.422797] device-mapper: uevent: version 1.0.3
[    7.428249] device-mapper: ioctl: 4.34.0-ioctl (2015-10-28) initialised: dm-devel@redhat.com
[    7.437528] ledtrig-cpu: registered to indicate activity on CPUs
[    7.481549] NET: Registered protocol family 10
[    7.486675] NET: Registered protocol family 17
[    7.494787] Key type dns_resolver registered
[    7.500472] registered taskstats version 1
[    7.505171] Loading compiled-in X.509 certificates
[    7.549886] Loaded X.509 cert 'Build time autogenerated kernel key: b6ae09eed57f82583ccd3c65c463e852cdd7a0b5'
[    7.565586] zswap: loaded using pool lzo/zbud
[    7.577324] Key type trusted registered
[    7.605663] Key type encrypted registered
[    7.624273] AppArmor: AppArmor sha1 policy hashing enabled
[    7.629653] ima: No TPM chip found, activating TPM-bypass!
[    7.651050] ima: Allocated hash algorithm: sha1
[    7.661480] evm: HMAC attrs: 0x1
[    7.666321]   Magic number: 8:624:989
[    7.670418] rtc_cmos rtc_cmos: setting system clock to 2020-06-24 13:58:20 UTC (1593007100)
[    7.681243] BIOS EDD facility v0.16 2004-Jun-25, 0 devices found
[    7.725867] EDD information not available.
[    7.749776] Freeing unused kernel memory: 1492K
[    7.779424] Write protecting the kernel read-only data: 14336k
[    7.789710] Freeing unused kernel memory: 1596K
[    7.794729] Freeing unused kernel memory: 60K
Loading, please wait...
starting version 229
[    7.871963] random: systemd-udevd: uninitialized urandom read (16 bytes read, 3 bits of entropy available)
[    7.873505] random: udevadm: uninitialized urandom read (16 bytes read, 3 bits of entropy available)
[    7.873568] random: udevadm: uninitialized urandom read (16 bytes read, 3 bits of entropy available)
[    7.967855] random: systemd-udevd: uninitialized urandom read (16 bytes read, 3 bits of entropy available)
[    7.980956] random: systemd-udevd: uninitialized urandom read (16 bytes read, 3 bits of entropy available)
[    8.028929] random: udevadm: uninitialized urandom read (16 bytes read, 3 bits of entropy available)
[    8.029162] random: udevadm: uninitialized urandom read (16 bytes read, 3 bits of entropy available)
[    8.029739] random: udevadm: uninitialized urandom read (16 bytes read, 3 bits of entropy available)
[    8.029931] random: udevadm: uninitialized urandom read (16 bytes read, 3 bits of entropy available)
[    8.030213] random: udevadm: uninitialized urandom read (16 bytes read, 3 bits of entropy available)
[    8.501957] e1000: Intel(R) PRO/1000 Network Driver - version 7.3.21-k8-NAPI
[    8.564786] e1000: Copyright (c) 1999-2006 Intel Corporation.
[    8.577530] Fusion MPT base driver 3.04.20
[    8.607156] Copyright (c) 1999-2008 LSI Corporation
[    8.779375] Fusion MPT SPI Host driver 3.04.20
[    8.885291] input: ImExPS/2 Generic Explorer Mouse as /devices/platform/i8042/serio1/input/input4
[    8.913685] AVX2 version of gcm_enc/dec engaged.
[    8.932737] AES CTR mode by8 optimization enabled
[    9.913974] e1000 0000:00:03.0 eth0: (PCI:33MHz:32-bit) 02:89:fa:04:16:8f
[    9.923579] e1000 0000:00:03.0 eth0: Intel(R) PRO/1000 Network Connection
[    9.930787] mptbase: ioc0: Initiating bringup
[   10.389452] ioc0: LSI53C1030 A0: Capabilities={Initiator}
[   11.248003] scsi host2: ioc0: LSI53C1030 A0, FwRev=00000000h, Ports=1, MaxQ=256, IRQ=20
[   11.579075] scsi 2:0:0:0: Direct-Access     VBOX     HARDDISK         1.0  PQ: 0 ANSI: 5
[   11.587849] scsi target2:0:0: Beginning Domain Validation
[   11.595399] scsi target2:0:0: Domain Validation skipping write tests
[   11.603622] scsi target2:0:0: Ending Domain Validation
[   11.625360] scsi target2:0:0: asynchronous
[   11.685179] scsi 2:0:1:0: Direct-Access     VBOX     HARDDISK         1.0  PQ: 0 ANSI: 5
[   11.723743] scsi target2:0:1: Beginning Domain Validation
[   11.759607] scsi target2:0:1: Domain Validation skipping write tests
[   11.781830] scsi target2:0:1: Ending Domain Validation
[   11.802122] scsi target2:0:1: asynchronous
[   11.834313] sd 2:0:0:0: Attached scsi generic sg0 type 0
[   11.870158] sd 2:0:0:0: [sda] 20971520 512-byte logical blocks: (10.7 GB/10.0 GiB)
[   11.893804] sd 2:0:0:0: [sda] Write Protect is off
[   11.912146] sd 2:0:1:0: Attached scsi generic sg1 type 0
[   11.932202] sd 2:0:0:0: [sda] Incomplete mode parameter data
[   11.939126] sd 2:0:1:0: [sdb] 20480 512-byte logical blocks: (10.5 MB/10.0 MiB)
[   11.960885] sd 2:0:1:0: [sdb] Write Protect is off
[   11.972247] sd 2:0:1:0: [sdb] Incomplete mode parameter data
[   11.972253] sd 2:0:1:0: [sdb] Assuming drive cache: write through
[   12.046847] sd 2:0:0:0: [sda] Assuming drive cache: write through
[   12.115462]  sda: sda1
[   12.124790] sd 2:0:0:0: [sda] Attached SCSI disk
[   12.148351] sd 2:0:1:0: [sdb] Attached SCSI disk
[   12.471961] e1000 0000:00:08.0 eth1: (PCI:33MHz:32-bit) 08:00:27:d3:8d:af
[   12.479731] e1000 0000:00:08.0 eth1: Intel(R) PRO/1000 Network Connection
[   12.487805] e1000 0000:00:03.0 enp0s3: renamed from eth0
[   12.522599] e1000 0000:00:08.0 enp0s8: renamed from eth1
Begin: Loading essential drivers ... [   15.639317] md: linear personality registered for level -1
[   15.662589] md: multipath personality registered for level -4
[   15.681018] md: raid0 personality registered for level 0
[   15.708383] md: raid1 personality registered for level 1
[   15.799090] raid6: sse2x1   gen()   902 MB/s
[   15.872000] raid6: sse2x1   xor()   573 MB/s
[   15.943644] raid6: sse2x2   gen()  1955 MB/s
[   16.011024] raid6: sse2x2   xor()  1014 MB/s
[   16.083260] raid6: sse2x4   gen()  1445 MB/s
[   16.155037] raid6: sse2x4   xor()  1407 MB/s
[   16.222887] raid6: avx2x1   gen()  2262 MB/s
[   16.291298] raid6: avx2x2   gen()  4242 MB/s
[   16.359015] raid6: avx2x4   gen()  5320 MB/s
[   16.363175] raid6: using algorithm avx2x4 gen() 5320 MB/s
[   16.367788] raid6: using avx2x2 recovery algorithm
[   16.388858] xor: automatically using best checksumming function:
[   16.437118]    avx       :  6255.000 MB/sec
[   16.446401] async_tx: api initialized (async)
[   16.506044] md: raid6 personality registered for level 6
[   16.521567] md: raid5 personality registered for level 5
[   16.526654] md: raid4 personality registered for level 4
[   16.566461] md: raid10 personality registered for level 10
done.
Begin: Running /scripts/init-premount ... done.
Begin: Mounting root file system ... Begin: Running /scripts/local-top ... done.
Begin: Running /scripts/local-premount ... [   16.751486] Btrfs loaded
Scanning for Btrfs filesystems
done.
Warning: fsck not present, so skipping root file system
[   17.033977] EXT4-fs (sda1): mounted filesystem with ordered data mode. Opts: (null)
done.
Begin: Running /scripts/local-bottom ... done.
Begin: Running /scripts/init-bottom ... done.
[   17.732784] random: nonblocking pool is initialized
[   18.683958] systemd[1]: systemd 229 running in system mode. (+PAM +AUDIT +SELINUX +IMA +APPARMOR +SMACK +SYSVINIT +UTMP +LIBCRYPTSETUP +GCRYPT +GNUTLS +ACL +XZ -LZ4 +SECCOMP +BLKID +ELFUTILS +KMOD -IDN)
[   18.719166] systemd[1]: Detected virtualization oracle.
[   18.724739] systemd[1]: Detected architecture x86-64.

Welcome to [1mUbuntu 16.04.6 LTS[0m!

[   18.785955] systemd[1]: Set hostname to <ubuntu>.
[   18.857471] systemd[1]: Initializing machine ID from random generator.
[   18.870179] systemd[1]: Installed transient /etc/machine-id file.
[   20.338169] systemd[1]: Listening on LVM2 poll daemon socket.
[[0;32m  OK  [0m] Listening on LVM2 poll daemon socket.
[   20.371922] systemd[1]: Reached target User and Group Name Lookups.
[[0;32m  OK  [0m] Reached target User and Group Name Lookups.
[   20.406899] systemd[1]: Listening on udev Control Socket.
[[0;32m  OK  [0m] Listening on udev Control Socket.
[   20.414674] systemd[1]: Started Trigger resolvconf update for networkd DNS.
[[0;32m  OK  [0m] Started Trigger resolvconf update for networkd DNS.
[   20.425503] systemd[1]: Started Forward Password Requests to Wall Directory Watch.
[[0;32m  OK  [0m] Started Forward Password Requests to Wall Directory Watch.
[   20.438796] systemd[1]: Created slice System Slice.
[[0;32m  OK  [0m] Created slice System Slice.
[   20.447914] systemd[1]: Created slice system-serial\x2dgetty.slice.
[[0;32m  OK  [0m] Created slice system-serial\x2dgetty.slice.
[   20.458744] systemd[1]: Listening on /dev/initctl Compatibility Named Pipe.
[[0;32m  OK  [0m] Listening on /dev/initctl Compatibility Named Pipe.
[   20.468317] systemd[1]: Reached target System Time Synchronized.
[[0;32m  OK  [0m] Reached target System Time Synchronized.
[   20.486095] systemd[1]: Created slice User and Session Slice.
[[0;32m  OK  [0m] Created slice User and Session Slice.
[   20.496502] systemd[1]: Listening on Journal Socket (/dev/log).
[[0;32m  OK  [0m] Listening on Journal Socket (/dev/log).
[   20.524140] systemd[1]: Set up automount Arbitrary Executable File Formats File System Automount Point.
[[0;32m  OK  [0m] Set up automount Arbitrary Executab...ats File System Automount Point.
[   20.544189] systemd[1]: Listening on Journal Socket.
[[0;32m  OK  [0m] Listening on Journal Socket.
[   20.607535] systemd[1]: Starting Nameserver information manager...
         Starting Nameserver information manager...
[   20.647175] systemd[1]: Starting Load Kernel Modules...
         Starting Load Kernel Modules...
[   20.691034] systemd[1]: Mounting POSIX Message Queue File System...
         Mounting POSIX Message Queue File System...
[   20.722116] systemd[1]: Listening on Device-mapper event daemon FIFOs.
[[0;32m  OK  [0m] Listening on Device-mapper event daemon FIFOs.
[   20.738513] systemd[1]: Mounting Debug File System...
         Mounting Debug File System...
[   20.749050] systemd[1]: Reached target Swap.
[[0;32m  OK  [0m] Reached target Swap.
[   20.762241] systemd[1]: Reached target Encrypted Volumes.
[[0;32m  OK  [0m] Reached target Encrypted Vol[   20.788498] Loading iSCSI transport class v2.0-870.
umes.
[   20.805981] systemd[1]: Reached target Slices.
[[0;32m  OK  [0m] Reached target Slices.
[   20.839240] systemd[1]: Starting Set console keymap...
         Starting Set console keymap...
[   20.847587] systemd[1]: Listening on udev Kernel Socket.
[[0;32m  OK  [0m] Listening on udev Kernel Socket.
[   20.858127] systemd[1]: Mounting Huge Pages File System...
         Mounting Huge Pages File System...
[   20.878885] systemd[1]: Listening on Syslog Socket.
[[0;32m  OK  [0m] Listening on Syslog Socket.
[   20.893592] systemd[1]: Starting Create list of required static device nodes for the current kernel...
[   20.943771] iscsi: registered transport (tcp)
         Starting Create list of required st... nodes for the current kernel...
[   20.967912] systemd[1]: Listening on LVM2 metadata daemon socket.
[[0;32m  OK  [0m] Listening on LVM2 metadata daemon socket.
[   20.995477] systemd[1]: Starting Monitoring of LVM2 mirrors, snapshots etc. using dmeventd or progress polling...
         Starting Monitoring of LVM2 mirrors... dmeventd or progress polling...
[   21.024018] systemd[1]: Starting Remount Root and Kernel File Systems...
         Starting Remount Root and Kernel File Systems...
[   21.047305] systemd[1]: Listening on Journal Audit Socket.
[[0;32m  OK  [0m] Listening on Journal Audit Socket.
[   21.067874] systemd[1]: Starting Journal Service...
         Starting Journal Service...
[   21.079417] systemd[1]: Starting Uncomplicated firewall...
         Starting Uncomplicated firewall...
[   21.094311] systemd[1]: Mounted Huge Pages File System.
[[0;32m  OK  [0m] Mounted Huge Pages File System.
[   21.116333] systemd[1]: Mounted POSIX Message Queue File System.
[[0;32m  OK  [0m] Mounted POSIX Message Queue File System.
[   21.138889] systemd[1]: Mounted Debug File System.
[[0;32m  OK  [0m] Mounted Debug File System.
[   21.252715] EXT4-fs (sda1): re-mounted. Opts: (null)
[   21.263624] systemd[1]: Started Remount Root and Kernel File Systems.
[[0;32m  OK  [0m] Started Remount Root and Kernel File Systems.
[   21.350014] systemd[1]: Started Create list of required static device nodes for the current kernel.
[[0;32m  OK  [0m] Started Create list of required sta...ce nodes for the current kernel.
[   21.382161] systemd[1]: Started Uncomplicated firewall.
[[0;32m  OK  [0m] Started Uncomplicated firewall.
[   21.403708] systemd[1]: Started Nameserver information manager.
[[0;32m  OK  [0m] Started Nameserver information manager.
[   21.421780] systemd[1]: Starting Create Static Device Nodes in /dev...
         Starting Create Static Device Nodes in /dev...
[   21.455082] systemd[1]: Starting Load/Save Random Seed...
         Starting Load/Save Random Seed...
[   21.535647] systemd[1]: Starting udev Coldplug all Devices...
         Starting udev Coldplug all Devices...
[   21.667077] systemd[1]: Started Set console keymap.
[[0;32m  OK  [0m] Started Set console keymap.
[   21.942539] systemd[1]: Started udev Coldplug all Devices.
[[0;32m  OK  [0m] Started udev Coldplug all Devices.
[   21.969757] iscsi: registered transport (iser)
[   21.982615] systemd[1]: Started Load Kernel Modules.
[[0;32m  OK  [0m] Started Load Kernel Modules.
[   22.003474] systemd[1]: Starting Apply Kernel Variables...
         Starting Apply Kernel Variables...
[   22.043014] systemd[1]: Mounting FUSE Control File System...
         Mounting FUSE Control File System...
[   22.067396] systemd[1]: Mounted FUSE Control File System.
[[0;32m  OK  [0m] Mounted FUSE Control File System.
[   22.103616] systemd[1]: Started Journal Service.
[[0;32m  OK  [0m] Started Journal Service.
[[0;32m  OK  [0m] Started Load/Save Random Seed.
         Starting Flush Journal to Persistent Storage...
[[0;32m  OK  [0m] Started LVM2 metadata daemon.
[   22.290330] systemd-journald[391]: Received request to flush runtime journal from PID 1
[[0;32m  OK  [0m] Started Flush Journal to Persistent Storage.
[[0;32m  OK  [0m] Started Apply Kernel Variables.
[[0;32m  OK  [0m] Started Monitoring of LVM2 mirrors,...ng dmeventd or progress polling.
[[0;32m  OK  [0m] Started Create Static Device Nodes in /dev.
         Starting udev Kernel Device Manager...
[[0;32m  OK  [0m] Reached target Local File Systems (Pre).
[[0;32m  OK  [0m] Reached target Local File Systems.
         Starting Tell Plymouth To Write Out Runtime Data...
         Starting Commit a transient machine-id on disk...
         Starting Set console font and keymap...
         Starting Initial cloud-init job (pre-networking)...
         Starting LSB: AppArmor initialization...
         Starting Create Volatile Files and Directories...
[[0;32m  OK  [0m] Started Tell Plymouth To Write Out Runtime Data.
[[0;32m  OK  [0m] Started Commit a transient machine-id on disk.
[[0;32m  OK  [0m] Started Create Volatile Files and Directories.
         Starting Update UTMP about System Boot/Shutdown...
[[0;32m  OK  [0m] Started Update UTMP about System Boot/Shutdown.
[[0;32m  OK  [0m] Started udev Kernel Device Manager.
[[0;32m  OK  [0m] Started Dispatch Password Requests to Console Directory Watch.
[[0;32m  OK  [0m] Found device /dev/ttyS0.
[[0;32m  OK  [0m] Listening on Load/Save RF Kill Switch Status /dev/rfkill Watch.
[[0;32m  OK  [0m] Started Set console font and keymap.
[[0;32m  OK  [0m] Created slice system-getty.slice.
[[0;32m  OK  [0m] Started LSB: AppArmor initialization.
[   30.871114] cloud-init[475]: Cloud-init v. 19.4-33-gbb4131a2-0ubuntu1~16.04.1 running 'init-local' at Wed, 24 Jun 2020 13:58:45 +0000. Up 29.03 seconds.
[[0;32m  OK  [0m] Started Initial cloud-init job (pre-networking).
[[0;32m  OK  [0m] Reached target Network (Pre).
         Starting Raise network interfaces...
[[0;32m  OK  [0m] Started Raise network interfaces.
[[0;32m  OK  [0m] Reached target Network.
         Starting Initial cloud-init job (metadata service crawler)...
[   38.065628] cloud-init[944]: Cloud-init v. 19.4-33-gbb4131a2-0ubuntu1~16.04.1 running 'init' at Wed, 24 Jun 2020 13:58:49 +0000. Up 33.53 seconds.
[   38.224251] cloud-init[944]: ci-info: ++++++++++++++++++++++++++++++++++++++Net device info+++++++++++++++++++++++++++++++++++++++
[   38.269204] cloud-init[944]: [[0;32m  OK  [0m] Started Initial cloud-init job (metadata service crawler).
[[0;32m  OK  [0m] Reached target Network is Online.ci-info: +--------+-------+----------------------------+---------------+--------+-------------------+
[   38.286688] cloud-init[944]: ci-info: | Device |   Up  |          Address           |      Mask     | Scope  |     Hw-Address    |

[   38.287108] cloud-init[944]: ci-info: +--------+-------+----------------------------+---------------+--------+-------------------+
         [   38.355954] cloud-init[944]: ci-info: | enp0s3 |  True |         10.0.2.15          | 255.255.255.0 | global | 02:89:fa:04:16:8f |
[   38.357554] cloud-init[944]: ci-info: | enp0s3 |  True | fe80::89:faff:fe04:168f/64 |       .       |  link  | 02:89:fa:04:16:8f |
Starting iSCSI initiator daemon (iscsid)...
[   38.361588] cloud-init[944]: ci-info: | enp0s8 | False |             .              |       .       |   .    | 08:00:27:d3:8d:af |
[   38.420278] cloud-init[944]: ci-info: |   lo   |  True |         127.0.0.1          |   255.0.0.0   |  host  |         .         |
[[0;32m  OK  [0m] Reached target System Initialization.
[   38.422162] cloud-init[944]: ci-info: |   lo   |  True |          ::1/128           |       .       |  host  |         .         |
[   38.496977] cloud-init[944]: ci-info: +--------+-------+----------------------------+---------------+--------+-------------------+
[   38.505173] cloud-init[944]: ci-info: +++++++++++++++++++++++++++Route IPv4 info++++++++++++++++++++++++++++
[   38.515570] cloud-init[944]: ci-info: +-------+-------------+----------+---------------+-----------+-------+
[   38.524689] cloud-init[944]: ci-info: | Route | Destination | Gateway  |    Genmask    | Interface | Flags |
[[   38.565514] cloud-init[944]: ci-info: +-------+-------------+----------+---------------+-----------+-------+
[   38.567148] cloud-init[944]: ci-info: |   0   |   0.0.0.0   | 10.0.2.2 |    0.0.0.0    |   enp0s3  |   UG  |
[   38.573036] cloud-init[944]: ci-info: |   1   |   10.0.2.0  | 0.0.0.0  | 255.255.255.0 |   enp0s3  |   U   |
[   38.573564] cloud-init[944]: ci-info: +-------+-------------+----------+---------------+-----------+-------+
[   38.574208] cloud-init[944]: ci-info: +++++++++++++++++++Route IPv6 info+++++++++++++++++++
[   38.574785] cloud-init[944]: ci-info: +-------+-------------+---------+-----------+-------+
[   38.582275] cloud-init[944]: ci-info: | Route | Destination | Gateway | Interface | Flags |
[0;32m  OK  [0m] Started ACPI Events Check.
[   38.582820] cloud-init[944]: ci-info: +-------+-------------+---------+-----------+-------+
[   38.637988] cloud-init[944]: ci-info: |   0   |  fe80::/64  |    ::   |   enp0s3  |   U   |
[[0;32m  OK  [0m] Reached target Paths.
[   38.641273] cloud-init[944]: ci-info: |   4   |   ff00::/8  |    ::   |   enp0s3  |   U   |
[   38.713507] cloud-init[944]: ci-info: +-------+-------------+---------+-----------+-------+
[   38.714946] cloud-init[944]: Generating public/private rsa key pair.
[   38.715526] cloud-init[944]: Your identification has been saved in /etc/ssh/ssh_host_rsa_key.
[[0;32m  OK  [0m] Listening on UUID daemon activation socket.
[   38.716463] cloud-init[944]: Your public key has been saved in /etc/ssh/ssh_host_rsa_key.pub.
[   38.805976] cloud-init[944]: The key fingerprint is:
[   38.806553] cloud-init[944]: SHA256:0ev8LUYTgMSohH4MvKpq0IBepIvQEkwba/WNVIO5RAM root@ubuntu-xenial
[   38.807117] cloud-init[944]: The key's randomart image is:
[   38.807696] cloud-init[944]: +---[RSA 2048]----+
[[0;32m  OK  [0m] Started Daily Cleanup of Temporary Directories.
[   38.808771] cloud-init[944]: |o+ Eo++*..       |
[   38.883803] cloud-init[944]: |..O.++= +..      |
[   38.886843] cloud-init[944]: |.Bo=.+... ..     |
[   38.893186]          Starting LXD - unix socket.
         Starting Socket activation for snappy daemon.
cloud-init[944]: |*.+.+.   . ..    |
[   38.904873] [[0;32m  OK  [0m] Listening on D-Bus System Message Bus Socket.
[[0;32m  OK  [0m] Listening on ACPID Listen Socket.
cloud-init[944]: |+=o.    S .  .   |
[   38.940667] [[0;32m  OK  [0m] Started Daily apt download activities.
[[0;32m  OK  [0m] Started Daily apt upgrade and clean activities.
[[0;32m  OK  [0m] Started Message of the Day.
[[0;32m  OK  [0m] Reached target Timers.
[[0;32m  OK  [0m] Reached target Cloud-config availability.
cloud-init[944]: |+o.      o  o    |
[   39.001867] cloud-init[944]: |o         o. .   |
[   39.002860] cloud-init[944]: |..         .o.   |
[[0;32m  OK  [0m] Listening on LXD - unix socket.
[   39.004192] cloud-init[944]: |+          ....  |
[   39.061448] cloud-init[944]: +----[SHA256]-----+
[   39.062371] cloud-init[944]: Generating public/private dsa key pair.
[   39.066026] cloud-init[944]: Your identification has been saved in /etc/ssh/ssh_host_dsa_key.
[[0;32m  OK  [0m] Listening on Socket activation for snappy daemon.
[   39.066615] cloud-init[944]: Your public key has been saved in /etc/ssh/ssh_host_dsa_key.pub.
[   39.101152] cloud-init[944]: The key fingerprint is:
[[0;32m  OK  [0m] Started iSCSI initiator daemon (iscsid).
[   39.103962] cloud-init[944]: SHA256:wyTyFSzcVlhVvcwYq+uZPTIPbZDEXoIGlSX98m/dNs4 root@ubuntu-xenial
[   39.185257] cloud-init[944]: The key's randomart image is:
[   39.186202] cloud-init[944]: +---[DSA 1024]----+
[   39.186905] cloud-init[944]: |     . +o**o.... |
[   39.187440] cloud-init[944]: |      o *o+. .  .|
         Starting Login to default iSCSI targets...
[   39.189735] cloud-init[944]: |    . .ooo +..* .|
[[0;32m  OK  [0m] Reached target Sockets.
[   39.237675] cloud-init[944]: |     o =. o.++ + |
[   39.280675] cloud-init[944]: |      . S  ++    |
[   39.281796] cloud-init[944]: |         . .o.   |
[   39.285252] cloud-init[944]: |           ..o. o|
[   39.285787] cloud-init[944]: |           +*..++|
[[0;32m  OK  [0m] Reached target Basic System.
[   39.287604] cloud-init[944]: |          .++o+E.|
[   39.322638] cloud-init[944]: +----[SHA256]-----+
[   39.328453] cloud-init[944]: Generating public/private ecdsa key pair.
[   39.339004] cloud-init[944]: Your identification has been saved in /etc/ssh/ssh_host_ecdsa_key.
[   39.339965] cloud-init[944]: Your public key has been saved in /etc/ssh/ssh_host_ecdsa_key.pub.
[   39.341019] cloud-init[944]: The key fingerprint is:
[   39.343308] cloud-init[944]: SHA256:vk/9qwm9W2+QpEBKwofcRs99UfgPRVZzmirixba+UuI root@ubuntu-xenial
[[0;32m  OK  [0m] Started FUSE filesystem for LXC.
[   39.356232] cloud-init[944]: The key's randomart image is:
[   39.410297] cloud-init[944]: +---[ECDSA 256]---+
[   39.411626] cloud-init[944]: |     o +.     .=B|
         Starting LSB: MD monitoring daemon...
[   39.413911] cloud-init[944]: |      = =o..  .=+|
[   39.471432] cloud-init[944]: |       = oo . +o |
         Starting LSB: Record successful boot for GRUB...
[   39.501676] cloud-init[944]: |        ...  oo .|
[   39.531225] cloud-init[944]: |        S =..o o.|
[   39.531943] cloud-init[944]: |       o.+.=. o .|
[   39.536799] cloud-init[944]: |       .oo+ o .. |
[   39.536998] cloud-init[944]: |        E+ . = ..|
[   39.537308] cloud-init[944]: |        .o+.=ooo.|
[   39.537492] cloud-init[944]: +----[SHA256]-----+
[   39.537665] cloud-init[944]: Generating public/private ed25519 key pair.
[   39.537837] cloud-init[944]: Your identification has been saved in /etc/ssh/ssh_host_ed25519_key.
[   39.538065] cloud-init[944]: Your public key has been saved in /etc/ssh/ssh_host_ed25519_key.pub.
[   39.538245] cloud-init[944]: The key fingerprint is:
         Starting Virtualbox guest utils...
[   39.539404] cloud-init[944]: SHA256:42yAWdDxXQ86dkDUV1k96oUMeo4h322AJ582I6YM7VM root@ubuntu-xenial
[   39.659518] cloud-init[944]: The key's randomart image is:
[   39.672907] cloud-init[944]: +--[ED25519 256]--+
[   39.674021] cloud-init[944]: |    .... o+.o  .*|
[[0;32m  OK  [0m] Started ACPI event daemon.
[   39.674412] cloud-init[944]: |     ... . =.o.o.|
[   39.754236] cloud-init[944]: |      . . B +.+ .|
[   39.754549] cloud-init[944]: |     + . * * + . |
[   39.758296] cloud-init[944]: |    o o S X = .  |
         Starting System Logging Service...
[   39.758929] cloud-init[944]: |     . = E O +   |
[   39.781074] cloud-init[944]: |      + B o +    |
[   39.785028] cloud-init[944]: |       *         |
[   39.788755] cloud-init[944]: |        .        |
         [   39.798472] cloud-init[944]: +----[SHA256]-----+
Starting Accounts Service...
         Starting Login Service...
[[0;32m  OK  [0m] Started Regular background program processing daemon.
         Starting Pollinate to seed the pseudo random number generator...
         Starting /etc/rc.local Compatibility...
[[0;32m  OK  [0m] Started Deferred execution scheduler.
         Starting Snappy daemon...
[[0;32m  OK  [0m] Started D-Bus System Message Bus.
         Starting LXD - container startup/shutdown...
[[0;32m  OK  [0m] Started System Logging Service.
[[0;32m  OK  [0m] Started /etc/rc.local Compatibility.
[[0;32m  OK  [0m] Started Login Service.
[[0;32m  OK  [0m] Started Unattended Upgrades Shutdown.
[[0;32m  OK  [0m] Started LSB: Record successful boot for GRUB.
[[0;32m  OK  [0m] Started LSB: MD monitoring daemon.
[[0;32m  OK  [0m] Started Login to default iSCSI targets.
[[0;32m  OK  [0m] Reached target Remote File Systems (Pre).
[[0;32m  OK  [0m] Reached target Remote File Systems.
         Starting LSB: daemon to balance interrupts for SMP systems...
         Starting LSB: Set the CPU Frequency Scaling governor to "ondemand"...
         Starting LSB: automatic crash report generation...
         Starting Permit User Sessions...
[[0;32m  OK  [0m] Started LSB: Set the CPU Frequency Scaling governor to "ondemand".
[[0;32m  OK  [0m] Started Permit User Sessions.
         Starting Hold until boot process finishes up...
         Starting Terminate Plymouth Boot Screen...
[[0;32m  OK  [0m] Started Hold until boot process finishes up.
[[0;32m  OK  [0m] Started Terminate Plymouth Boot Screen.
[[0;32m  OK  [0m] Started Getty on tty1.
         Starting Set console scheme...
[[0;32m  OK  [0m] Started Serial Getty on ttyS0.
[[0;32m  OK  [0m] Reached target Login Prompts.
[[0;32m  OK  [0m] Started LSB: automatic crash report generation.
[[0;32m  OK  [0m] Started LSB: daemon to balance interrupts for SMP systems.
[[0;32m  OK  [0m] Started Set console scheme.
[[0;32m  OK  [0m] Started Virtualbox guest utils.
         Starting Authenticate and Authorize Users to Run Privileged Tasks...
[[0;32m  OK  [0m] Started Authenticate and Authorize Users to Run Privileged Tasks.
[[0;32m  OK  [0m] Started Accounts Service.
[[0;32m  OK  [0m] Started Pollinate to seed the pseudo random number generator.
         Starting OpenBSD Secure Shell server...
[[0;32m  OK  [0m] Started OpenBSD Secure Shell server.
[[0;32m  OK  [0m] Started Snappy daemon.
         Starting Wait until snapd is fully seeded...
[[0;32m  OK  [0m] Started LXD - container startup/shutdown.

Ubuntu 16.04.6 LTS ubuntu-xenial ttyS0

ubuntu-xenial login: [   54.688375] cloud-init[1369]: Generating locales (this might take a while)...
[   61.696671] cloud-init[1369]:   en_US.UTF-8... done
[   61.699308] cloud-init[1369]: Generation complete.
[   65.758936] cloud-init[1369]: Cloud-init v. 19.4-33-gbb4131a2-0ubuntu1~16.04.1 running 'modules:config' at Wed, 24 Jun 2020 13:59:09 +0000. Up 53.66 seconds.
ci-info: no authorized SSH keys fingerprints found for user ubuntu.
<14>Jun 24 13:59:24 ec2: 
<14>Jun 24 13:59:24 ec2: #############################################################
<14>Jun 24 13:59:24 ec2: -----BEGIN SSH HOST KEY FINGERPRINTS-----
<14>Jun 24 13:59:24 ec2: 1024 SHA256:wyTyFSzcVlhVvcwYq+uZPTIPbZDEXoIGlSX98m/dNs4 root@ubuntu-xenial (DSA)
<14>Jun 24 13:59:24 ec2: 256 SHA256:vk/9qwm9W2+QpEBKwofcRs99UfgPRVZzmirixba+UuI root@ubuntu-xenial (ECDSA)
<14>Jun 24 13:59:24 ec2: 256 SHA256:42yAWdDxXQ86dkDUV1k96oUMeo4h322AJ582I6YM7VM root@ubuntu-xenial (ED25519)
<14>Jun 24 13:59:24 ec2: 2048 SHA256:0ev8LUYTgMSohH4MvKpq0IBepIvQEkwba/WNVIO5RAM root@ubuntu-xenial (RSA)
<14>Jun 24 13:59:24 ec2: -----END SSH HOST KEY FINGERPRINTS-----
<14>Jun 24 13:59:24 ec2: #############################################################
-----BEGIN SSH HOST KEY KEYS-----
ecdsa-sha2-nistp256 AAAAE2VjZHNhLXNoYTItbmlzdHAyNTYAAAAIbmlzdHAyNTYAAABBBPXq/wpkTixZs8IAfA3kRK25pBt9/AWkcSv00D7JTgiW6LuBaRefO+XPO1i37CSTsu7wOt6pW1vfeR1OHtoCdx8= root@ubuntu-xenial
ssh-ed25519 AAAAC3NzaC1lZDI1NTE5AAAAILcPb0d514Da7YmOAvFl7vdHasPfDF4ot+FkUUiqJwmX root@ubuntu-xenial
ssh-rsa AAAAB3NzaC1yc2EAAAADAQABAAABAQCxkiUVKhFgh0O9hX/1qHStxBD2WrjGc1u5F9LaZy7Ry+k1QfSPI5wzG7JVV73DsbOpIc0Izt3pcMqVh/LwufocO2LUZiBz8V+I8/Wwx14Zg3vB6RsQ579PvDOB//KN2g95Ag9ihCsoShJ0xk5IHY3V7P/6g7WhJ68M2+A8r10j//dAqgA5FtjN2euLBxkwG6NeUqQy9xe0cCxMFxNiE2h+MHb0L4NXtlO/pJPLZFb8Rvo948l4RAbYTuuI7JLJ6pbrImG23+lmfUg5j6gvQTvLhjg+ChSy76xqfpKhksgcHpV5BTi+CtcgOtr/Bkjvscjp9NdOdmb1R+OpNSzEYlQT root@ubuntu-xenial
-----END SSH HOST KEY KEYS-----
[   68.299908] cloud-init[1622]: Cloud-init v. 19.4-33-gbb4131a2-0ubuntu1~16.04.1 running 'modules:final' at Wed, 24 Jun 2020 13:59:23 +0000. Up 67.45 seconds.
[   68.300538] cloud-init[1622]: ci-info: no authorized SSH keys fingerprints found for user ubuntu.
[   68.300965] cloud-init[1622]: Cloud-init v. 19.4-33-gbb4131a2-0ubuntu1~16.04.1 finished at Wed, 24 Jun 2020 13:59:24 +0000. Datasource DataSourceNoCloud [seed=/dev/sdb][dsmode=net].  Up 68.27 seconds
